TN:
SF:/home/sqs/src/github.com/sourcegraph/cx-codecov/src/api.ts
FN:3,(anonymous_0)
FN:15,(anonymous_1)
FN:23,memoizeAsync
FN:25,(anonymous_3)
FN:32,(anonymous_4)
FNF:5
FNH:0
FNDA:0,(anonymous_0)
FNDA:0,(anonymous_1)
FNDA:0,memoizeAsync
FNDA:0,(anonymous_3)
FNDA:0,(anonymous_4)
DA:2,0
DA:3,0
DA:5,0
DA:6,0
DA:8,0
DA:14,0
DA:15,0
DA:24,0
DA:25,0
DA:26,0
DA:27,0
DA:28,0
DA:29,0
DA:31,0
DA:32,0
DA:33,0
DA:34,0
LF:17
LH:0
BRDA:12,0,0,0
BRDA:12,0,1,0
BRDA:28,1,0,0
BRDA:28,1,1,0
BRF:4
BRH:0
end_of_record
TN:
SF:/home/sqs/src/github.com/sourcegraph/cx-codecov/src/colors.ts
FN:6,hsla
FNF:1
FNH:0
FNDA:0,hsla
DA:2,0
DA:3,0
DA:4,0
DA:5,0
DA:7,0
DA:9,0
LF:6
LH:0
BRF:0
BRH:0
end_of_record
TN:
SF:/home/sqs/src/github.com/sourcegraph/cx-codecov/src/decoration.ts
FN:4,codecovToDecorations
FN:8,(anonymous_1)
FN:26,lineColor
FN:40,lineText
FNF:4
FNH:0
FNDA:0,codecovToDecorations
FNDA:0,(anonymous_1)
FNDA:0,lineColor
FNDA:0,lineText
DA:2,0
DA:3,0
DA:5,0
DA:6,0
DA:8,0
DA:9,0
DA:16,0
DA:17,0
DA:19,0
DA:20,0
DA:22,0
DA:25,0
DA:28,0
DA:29,0
DA:31,0
DA:33,0
DA:36,0
DA:38,0
DA:41,0
DA:42,0
DA:43,0
DA:48,0
DA:50,0
LF:23
LH:0
BRDA:5,0,0,0
BRDA:5,0,1,0
BRDA:16,1,0,0
BRDA:16,1,1,0
BRDA:19,2,0,0
BRDA:19,2,1,0
BRDA:28,3,0,0
BRDA:28,3,1,0
BRDA:28,4,0,0
BRDA:28,4,1,0
BRDA:31,5,0,0
BRDA:31,5,1,0
BRDA:31,6,0,0
BRDA:31,6,1,0
BRDA:41,7,0,0
BRDA:41,7,1,0
BRDA:42,8,0,0
BRDA:42,8,1,0
BRDA:45,9,0,0
BRDA:45,9,1,0
BRDA:52,10,0,0
BRDA:52,10,1,0
BRF:22
BRH:0
end_of_record
TN:
SF:/home/sqs/src/github.com/sourcegraph/cx-codecov/src/extension.ts
FN:2,(anonymous_0)
FN:28,run
FN:36,(anonymous_2)
FN:37,(anonymous_3)
FN:42,(anonymous_4)
FN:67,(anonymous_5)
FN:79,(anonymous_6)
FN:85,(anonymous_7)
FN:89,(anonymous_8)
FN:96,(anonymous_9)
FN:97,(anonymous_10)
FN:101,(anonymous_11)
FN:102,(anonymous_12)
FN:103,(anonymous_13)
FN:138,registerContributions
FN:216,publishDecorations
FN:224,getDecorations
FN:233,iconColor
FNF:18
FNH:0
FNDA:0,(anonymous_0)
FNDA:0,run
FNDA:0,(anonymous_2)
FNDA:0,(anonymous_3)
FNDA:0,(anonymous_4)
FNDA:0,(anonymous_5)
FNDA:0,(anonymous_6)
FNDA:0,(anonymous_7)
FNDA:0,(anonymous_8)
FNDA:0,(anonymous_9)
FNDA:0,(anonymous_10)
FNDA:0,(anonymous_11)
FNDA:0,(anonymous_12)
FNDA:0,(anonymous_13)
FNDA:0,registerContributions
FNDA:0,publishDecorations
FNDA:0,getDecorations
FNDA:0,iconColor
DA:2,0
DA:3,0
DA:4,0
DA:5,0
DA:6,0
DA:7,0
DA:8,0
DA:9,0
DA:11,0
DA:12,0
DA:13,0
DA:14,0
DA:15,0
DA:16,0
DA:17,0
DA:18,0
DA:19,0
DA:20,0
DA:21,0
DA:22,0
DA:23,0
DA:24,0
DA:25,0
DA:26,0
DA:27,0
DA:29,0
DA:30,0
DA:34,0
DA:35,0
DA:36,0
DA:37,0
DA:38,0
DA:39,0
DA:42,0
DA:43,0
DA:44,0
DA:46,0
DA:48,0
DA:49,0
DA:50,0
DA:52,0
DA:67,0
DA:68,0
DA:69,0
DA:70,0
DA:72,0
DA:74,0
DA:75,0
DA:76,0
DA:79,0
DA:80,0
DA:81,0
DA:82,0
DA:85,0
DA:86,0
DA:89,0
DA:90,0
DA:91,0
DA:96,0
DA:97,0
DA:99,0
DA:101,0
DA:102,0
DA:103,0
DA:105,0
DA:108,0
DA:109,0
DA:111,0
DA:112,0
DA:114,0
DA:116,0
DA:119,0
DA:123,0
DA:125,0
DA:126,0
DA:130,0
DA:132,0
DA:134,0
DA:137,0
DA:139,0
DA:143,0
DA:144,0
DA:145,0
DA:160,0
DA:163,0
DA:164,0
DA:167,0
DA:193,0
DA:194,0
DA:195,0
DA:197,0
DA:203,0
DA:204,0
DA:214,0
DA:217,0
DA:218,0
DA:225,0
DA:226,0
DA:227,0
DA:229,0
DA:232,0
DA:234,0
DA:235,0
DA:237,0
DA:238,0
DA:239,0
LF:106
LH:0
BRDA:2,0,0,0
BRDA:2,0,1,0
BRDA:2,0,2,0
BRDA:4,1,0,0
BRDA:4,1,1,0
BRDA:4,2,0,0
BRDA:4,2,1,0
BRDA:6,3,0,0
BRDA:6,3,1,0
BRDA:6,4,0,0
BRDA:6,4,1,0
BRDA:7,5,0,0
BRDA:7,5,1,0
BRDA:38,6,0,0
BRDA:38,6,1,0
BRDA:38,7,0,0
BRDA:38,7,1,0
BRDA:43,8,0,0
BRDA:43,8,1,0
BRDA:48,9,0,0
BRDA:48,9,1,0
BRDA:48,9,2,0
BRDA:49,10,0,0
BRDA:49,10,1,0
BRDA:69,11,0,0
BRDA:69,11,1,0
BRDA:74,12,0,0
BRDA:74,12,1,0
BRDA:80,13,0,0
BRDA:80,13,1,0
BRDA:86,14,0,0
BRDA:86,14,1,0
BRDA:90,15,0,0
BRDA:90,15,1,0
BRDA:105,16,0,0
BRDA:105,16,1,0
BRDA:105,16,2,0
BRDA:108,17,0,0
BRDA:108,17,1,0
BRDA:111,18,0,0
BRDA:111,18,1,0
BRDA:114,19,0,0
BRDA:114,19,1,0
BRDA:116,20,0,0
BRDA:116,20,1,0
BRDA:143,21,0,0
BRDA:143,21,1,0
BRDA:147,22,0,0
BRDA:147,22,1,0
BRDA:150,23,0,0
BRDA:150,23,1,0
BRDA:153,24,0,0
BRDA:153,24,1,0
BRDA:153,25,0,0
BRDA:153,25,1,0
BRDA:156,26,0,0
BRDA:156,26,1,0
BRDA:226,27,0,0
BRDA:226,27,1,0
BRF:59
BRH:0
end_of_record
TN:
SF:/home/sqs/src/github.com/sourcegraph/cx-codecov/src/icon.ts
FN:4,iconURL
FN:9,iconSVGWithColor
FNF:2
FNH:1
FNDA:1,iconURL
FNDA:0,iconSVGWithColor
DA:1,1
DA:4,1
DA:6,1
DA:10,0
LF:4
LH:3
BRDA:4,0,0,0
BRF:1
BRH:0
end_of_record
TN:
SF:/home/sqs/src/github.com/sourcegraph/cx-codecov/src/model.ts
FN:2,(anonymous_0)
FN:14,(anonymous_1)
FN:23,asFileCoverage
FN:32,(anonymous_3)
FNF:4
FNH:0
FNDA:0,(anonymous_0)
FNDA:0,(anonymous_1)
FNDA:0,asFileCoverage
FNDA:0,(anonymous_3)
DA:2,0
DA:3,0
DA:4,0
DA:5,0
DA:6,0
DA:7,0
DA:8,0
DA:9,0
DA:11,0
DA:12,0
DA:15,0
DA:16,0
DA:17,0
DA:18,0
DA:21,0
DA:24,0
DA:28,0
DA:30,0
DA:31,0
DA:32,0
DA:33,0
DA:36,0
LF:22
LH:0
BRDA:2,0,0,0
BRDA:2,0,1,0
BRDA:2,0,2,0
BRDA:4,1,0,0
BRDA:4,1,1,0
BRDA:4,2,0,0
BRDA:4,2,1,0
BRDA:6,3,0,0
BRDA:6,3,1,0
BRDA:6,4,0,0
BRDA:6,4,1,0
BRDA:7,5,0,0
BRDA:7,5,1,0
BRDA:18,6,0,0
BRDA:18,6,1,0
BRDA:25,7,0,0
BRDA:25,7,1,0
BRDA:31,8,0,0
BRDA:31,8,1,0
BRF:19
BRH:0
end_of_record
TN:
SF:/home/sqs/src/github.com/sourcegraph/cx-codecov/src/settings.ts
FN:32,resolveDecorationSettings
FNF:1
FNH:1
FNDA:4,resolveDecorationSettings
DA:32,1
DA:35,4
DA:36,1
DA:38,3
DA:39,1
DA:41,2
LF:6
LH:6
BRDA:35,0,0,1
BRDA:35,0,1,3
BRDA:38,1,0,1
BRDA:38,1,1,2
BRF:4
BRH:4
end_of_record
TN:
SF:/home/sqs/src/github.com/sourcegraph/cx-codecov/src/uri.ts
FN:14,resolveURI
FNF:1
FNH:1
FNDA:6,resolveURI
DA:14,1
DA:18,6
DA:19,6
DA:20,3
DA:26,3
DA:27,2
DA:28,1
DA:30,1
DA:32,1
LF:9
LH:9
BRDA:19,0,0,3
BRDA:19,0,1,3
BRDA:26,1,0,2
BRDA:26,1,1,1
BRDA:27,2,0,1
BRDA:27,2,1,1
BRF:6
BRH:6
end_of_record
